<?xml version="1.0" encoding="UTF-8"?>
<!-- Generated by org.testng.reporters.JUnitXMLReporter -->
<testsuite ignored="0" hostname="AGDCom-20-1782" failures="1" tests="12" name="Test" time="20.616" errors="0" timestamp="2024-02-29T16:07:13 ICT">
  <testcase classname="com.trello.tests.TrelloAPIs" name="createBoard" time="3.26"/>
  <testcase classname="com.trello.tests.TrelloAPIs" name="getCreatedBoard" time="1.844"/>
  <testcase classname="com.trello.tests.TrelloAPIs" name="getMembershipsOfABoard" time="1.057"/>
  <testcase classname="com.trello.tests.TrelloAPIs" name="getAFieldOnABoard" time="1.264"/>
  <testcase classname="com.trello.tests.TrelloAPIs" name="getAFieldOnABoard" time="1.155"/>
  <testcase classname="com.trello.tests.TrelloAPIs" name="getAFieldOnABoard" time="1.322"/>
  <testcase classname="com.trello.tests.TrelloAPIs" name="getAFieldOnABoard" time="1.005"/>
  <testcase classname="com.trello.tests.TrelloAPIs" name="updateABoard" time="1.07">
    <failure type="java.lang.AssertionError" message="1 expectation failed.
Expected status code &amp;lt;200&amp;gt; but was &amp;lt;401&amp;gt;.
">
      <![CDATA[java.lang.AssertionError: 1 expectation failed.
Expected status code <200> but was <401>.

at org.codehaus.groovy.runtime.callsite.ConstructorSite$ConstructorSiteNoUnwrap.callConstructor(ConstructorSite.java:86)
at org.codehaus.groovy.runtime.callsite.CallSiteArray.defaultCallConstructor(CallSiteArray.java:57)
at org.codehaus.groovy.runtime.callsite.AbstractCallSite.callConstructor(AbstractCallSite.java:263)
at org.codehaus.groovy.runtime.callsite.AbstractCallSite.callConstructor(AbstractCallSite.java:277)
at io.restassured.internal.ResponseSpecificationImpl$HamcrestAssertionClosure.validate(ResponseSpecificationImpl.groovy:512)
at io.restassured.internal.ResponseSpecificationImpl$HamcrestAssertionClosure$validate$1.call(Unknown Source)
at io.restassured.internal.ResponseSpecificationImpl.validateResponseIfRequired(ResponseSpecificationImpl.groovy:696)
at io.restassured.internal.ResponseSpecificationImpl.this$2$validateResponseIfRequired(ResponseSpecificationImpl.groovy)
at org.codehaus.groovy.runtime.callsite.PlainObjectMetaMethodSite.doInvoke(PlainObjectMetaMethodSite.java:43)
at org.codehaus.groovy.runtime.callsite.PogoMetaMethodSite$PogoCachedMethodSiteNoUnwrapNoCoerce.invoke(PogoMetaMethodSite.java:198)
at org.codehaus.groovy.runtime.callsite.PogoMetaMethodSite.callCurrent(PogoMetaMethodSite.java:62)
at org.codehaus.groovy.runtime.callsite.AbstractCallSite.callCurrent(AbstractCallSite.java:185)
at io.restassured.internal.ResponseSpecificationImpl.statusCode(ResponseSpecificationImpl.groovy:135)
at io.restassured.specification.ResponseSpecification$statusCode$0.callCurrent(Unknown Source)
at io.restassured.internal.ResponseSpecificationImpl.statusCode(ResponseSpecificationImpl.groovy:143)
at io.restassured.internal.ValidatableResponseOptionsImpl.statusCode(ValidatableResponseOptionsImpl.java:89)
at com.trello.tests.TrelloAPIs.updateABoard(TrelloAPIs.java:79)
at java.base/java.util.concurrent.ThreadPoolExecutor.runWorker(ThreadPoolExecutor.java:1128)
at java.base/java.util.concurrent.ThreadPoolExecutor$Worker.run(ThreadPoolExecutor.java:628)
at java.base/java.lang.Thread.run(Thread.java:829)
... Removed 22 stack frames]]>
    </failure>
  </testcase> <!-- updateABoard -->
  <testcase classname="com.trello.tests.TrelloAPIs" name="createList" time="1.254"/>
  <testcase classname="com.trello.tests.TrelloAPIs" name="createCard" time="1.193"/>
  <testcase classname="com.trello.tests.TrelloAPIs" name="uploadAttachment" time="1.639"/>
  <testcase classname="com.trello.tests.TrelloAPIs" name="getCreatedBoardFail" time="1.033"/>
</testsuite> <!-- Test -->
